[33mฮ“ยฅยป[39m Building...
[32mฮ“ยฃรถ[39m Building...
Application bundle generation failed. [2.270 seconds] - 2026-02-24T22:45:58.086Z

ฮ“รปโ–“ [WARNING] Unexpected ";" [plugin angular-compiler] [css-syntax-error]

    angular:styles/component:css;b4a02c13357a975a76be06a826a9443b3f979c4c6d0454d58b3f5633d0abf210;C:/apps/apps/angular-sports/src/app/components/cart-summary/cart-summary.component.html:2:62:
      2 ฮ“รถรฉ     .navbar-right {float: right !important; margin-right: 5px};
        ฮ“รฒโ•ก                                                               ^


ฮ“รปโ–“ [WARNING] Unexpected ";" [plugin angular-compiler] [css-syntax-error]

    angular:styles/component:css;b4a02c13357a975a76be06a826a9443b3f979c4c6d0454d58b3f5633d0abf210;C:/apps/apps/angular-sports/src/app/components/cart-summary/cart-summary.component.html:3:37:
      3 ฮ“รถรฉ     .navbar-text {margin-right: 10px};
        ฮ“รฒโ•ก                                      ^


X [ERROR] NG2008: Could not find stylesheet file './cart-summary.component.css'. [plugin angular-compiler]

    src/app/components/cart-summary/cart-summary.component.ts:11:16:
      11 ฮ“รถรฉ     styleUrls: ['./cart-summary.component.css']
         ฮ“รฒโ•ก                 ~~~~~~~~~~~~~~~~~~~~~~~~~~~~~~


X [ERROR] NG2008: Could not find stylesheet file './checkout.component.css'. [plugin angular-compiler]

    src/app/components/checkout/checkout.component.ts:11:16:
      11 ฮ“รถรฉ     styleUrls: ['./checkout.component.css']
         ฮ“รฒโ•ก                 ~~~~~~~~~~~~~~~~~~~~~~~~~~


X [ERROR] NG2008: Could not find stylesheet file './place-order.component.css'. [plugin angular-compiler]

    src/app/components/place-order/place-order.component.ts:13:16:
      13 ฮ“รถรฉ     styleUrls: ['./place-order.component.css']
         ฮ“รฒโ•ก                 ~~~~~~~~~~~~~~~~~~~~~~~~~~~~~


X [ERROR] NG2008: Could not find stylesheet file './product-list.component.css'. [plugin angular-compiler]

    src/app/components/product-list/product-list.component.ts:11:16:
      11 ฮ“รถรฉ     styleUrls: ['./product-list.component.css']
         ฮ“รฒโ•ก                 ~~~~~~~~~~~~~~~~~~~~~~~~~~~~~~


X [ERROR] NG2008: Could not find stylesheet file './thank-you.component.css'. [plugin angular-compiler]

    src/app/components/thank-you/thank-you.component.ts:9:16:
      9 ฮ“รถรฉ     styleUrls: ['./thank-you.component.css']
        ฮ“รฒโ•ก                 ~~~~~~~~~~~~~~~~~~~~~~~~~~~


X [ERROR] Could not resolve "../fonts/glyphicons-halflings-regular.eot" [plugin angular-css-resource]

    public/bootstrap.css:266:11:
      266 ฮ“รถรฉ   src: url('../fonts/glyphicons-halflings-regular.eot');
          ฮ“รฒโ•ก            ~~~~~~~~~~~~~~~~~~~~~~~~~~~~~~~~~~~~~~~~~~~


X [ERROR] Could not resolve "../fonts/glyphicons-halflings-regular.eot?#iefix" [plugin angular-css-resource]

    public/bootstrap.css:267:11:
      267 ฮ“รถรฉ   src: url('../fonts/glyphicons-halflings-regular.eot?#iefix') fo...
          ฮ“รฒโ•ก            ~~~~~~~~~~~~~~~~~~~~~~~~~~~~~~~~~~~~~~~~~~~~~~~~~~


X [ERROR] Could not resolve "../fonts/glyphicons-halflings-regular.woff2" [plugin angular-css-resource]

    public/bootstrap.css:267:96:
      267 ฮ“รถรฉ ...pe'), url('../fonts/glyphicons-halflings-regular.woff2') forma...
          ฮ“รฒโ•ก              ~~~~~~~~~~~~~~~~~~~~~~~~~~~~~~~~~~~~~~~~~~~~~


X [ERROR] Could not resolve "../fonts/glyphicons-halflings-regular.woff" [plugin angular-css-resource]

    public/bootstrap.css:267:164:
      267 ฮ“รถรฉ ...f2'), url('../fonts/glyphicons-halflings-regular.woff') format...
          ฮ“รฒโ•ก              ~~~~~~~~~~~~~~~~~~~~~~~~~~~~~~~~~~~~~~~~~~~~


X [ERROR] Could not resolve "../fonts/glyphicons-halflings-regular.ttf" [plugin angular-css-resource]

    public/bootstrap.css:267:230:
      267 ฮ“รถรฉ ...ff'), url('../fonts/glyphicons-halflings-regular.ttf') format(...
          ฮ“รฒโ•ก              ~~~~~~~~~~~~~~~~~~~~~~~~~~~~~~~~~~~~~~~~~~~


X [ERROR] Could not resolve "../fonts/glyphicons-halflings-regular.svg#glyphicons_halflingsregular" [plugin angular-css-resource]

    public/bootstrap.css:267:299:
      267 ฮ“รถรฉ ...pe'), url('../fonts/glyphicons-halflings-regular.svg#glyphicon...
          ฮ“รฒโ•ก              ~~~~~~~~~~~~~~~~~~~~~~~~~~~~~~~~~~~~~~~~~~~~~~~~~~~~



